<?xml version="1.0" encoding="UTF-8"?>
<testng-results ignored="0" total="1" passed="1" failed="0" skipped="0">
  <reporter-output>
  </reporter-output>
  <suite started-at="2025-08-25T15:57:48 IST" name="Default suite" finished-at="2025-08-25T15:57:52 IST" duration-ms="3557">
    <groups>
    </groups>
    <test started-at="2025-08-25T15:57:48 IST" name="Default test" finished-at="2025-08-25T15:57:52 IST" duration-ms="3557">
      <class name="com.Google_Page.Google_Home_Page">
        <test-method signature="openGooglePage()[pri:0, instance:com.Google_Page.Google_Home_Page@3b6ddd1d]" started-at="2025-08-25T15:57:48 IST" name="openGooglePage" finished-at="2025-08-25T15:57:52 IST" duration-ms="3531" status="PASS">
          <reporter-output>
          </reporter-output>
        </test-method> <!-- openGooglePage -->
      </class> <!-- com.Google_Page.Google_Home_Page -->
    </test> <!-- Default test -->
  </suite> <!-- Default suite -->
</testng-results>
